2022.03.11 13:42:35 INFO  tracing is disabled for protocol LSP, to enable tracing of incoming and outgoing JSON messages create an empty file at c:\Users\lubot\Documents\Workspace\dfTP\.metals\lsp.trace.json or C:\Users\lubot\AppData\Local\scalameta\metals\cache\lsp.trace.json
2022.03.11 13:42:49 INFO  logging to file C:\Users\lubot\Documents\Workspace\dfTP\.metals\metals.log
2022.03.11 13:42:49 INFO  Started: Metals version 0.11.1 in workspace 'C:\Users\lubot\Documents\Workspace\dfTP' for client Visual Studio Code 1.65.0.
2022.03.11 13:42:51 INFO  Parse release: 11.0.11
2022.03.11 13:42:58 INFO  time: initialize in 9.23s
2022.03.11 13:42:59 WARN  Build server is not auto-connectable.
2022.03.11 13:42:59 WARN  no build tool detected in workspace 'C:\Users\lubot\Documents\Workspace\dfTP'. The most common cause for this problem is that the editor was opened in the wrong working directory, for example if you use sbt then the workspace directory should contain build.sbt. 
2022.03.11 13:43:00 WARN  no build target for: C:\Users\lubot\Documents\Workspace\dfTP\spark-df\src\main\scala\fr\data\spark\DataFrame.scala
2022.03.11 13:43:11 INFO  no build target found for C:\Users\lubot\Documents\Workspace\dfTP\spark-df\src\main\scala\fr\data\spark\DataFrame.scala. Using presentation compiler with project's scala-library version: 3.1.0
2022.03.11 13:59:37 WARN  no build target for: C:\Users\lubot\Documents\Workspace\dfTP\spark-df\src\main\scala\fr\data\spark\DataFrame.scala
2022.03.11 14:12:02 WARN  no build target for: C:\Users\lubot\Documents\Workspace\dfTP\spark-df\src\main\scala\fr\data\spark\DataFrame.scala
mars 11, 2022 2:18:33 PM org.eclipse.lsp4j.jsonrpc.RemoteEndpoint handleCancellation
AVERTISSEMENT: Unmatched cancel notification for request id 335
2022.03.11 14:19:33 WARN  no build target for: C:\Users\lubot\Documents\Workspace\dfTP\spark-df\src\main\scala\fr\data\spark\DataFrame.scala
2022.03.11 14:20:04 WARN  no build target for: C:\Users\lubot\Documents\Workspace\dfTP\spark-df\src\main\scala\fr\data\spark\DataFrame.scala
2022.03.11 14:21:24 WARN  no build target for: C:\Users\lubot\Documents\Workspace\dfTP\spark-df\src\main\scala\fr\data\spark\DataFrame.scala
2022.03.11 14:23:28 WARN  no build target for: C:\Users\lubot\Documents\Workspace\dfTP\spark-df\build.sbt
2022.03.11 14:23:54 WARN  no build target for: C:\Users\lubot\Documents\Workspace\dfTP\spark-df\build.sbt
2022.03.11 14:26:22 WARN  no build target for: C:\Users\lubot\Documents\Workspace\dfTP\spark-df\build.sbt
2022.03.11 14:27:32 WARN  no build target for: C:\Users\lubot\Documents\Workspace\dfTP\spark-df\src\main\scala\fr\data\spark\DataFrame.scala
2022.03.11 14:41:18 INFO  shutting down Metals
2022.03.11 14:48:56 INFO  tracing is disabled for protocol LSP, to enable tracing of incoming and outgoing JSON messages create an empty file at c:\Users\lubot\Documents\Workspace\dfTP\.metals\lsp.trace.json or C:\Users\lubot\AppData\Local\scalameta\metals\cache\lsp.trace.json
2022.03.11 14:48:58 INFO  logging to file C:\Users\lubot\Documents\Workspace\dfTP\.metals\metals.log
2022.03.11 14:48:58 INFO  Started: Metals version 0.11.2 in workspace 'C:\Users\lubot\Documents\Workspace\dfTP' for client Visual Studio Code 1.65.2.
2022.03.11 14:48:58 INFO  Parse release: 11.0.11
2022.03.11 14:49:02 INFO  time: initialize in 4.08s
2022.03.11 14:49:02 INFO  Deleting old database format C:\Users\lubot\Documents\Workspace\dfTP\.metals\metals.h2.db
2022.03.11 14:49:03 WARN  Build server is not auto-connectable.
2022.03.11 14:49:03 WARN  no build tool detected in workspace 'C:\Users\lubot\Documents\Workspace\dfTP'. The most common cause for this problem is that the editor was opened in the wrong working directory, for example if you use sbt then the workspace directory should contain build.sbt. 
2022.03.11 14:49:05 WARN  no build target for: C:\Users\lubot\Documents\Workspace\dfTP\spark-df\src\main\scala\fr\data\spark\DataFrame.scala
2022.03.11 14:49:20 INFO  no build target found for C:\Users\lubot\Documents\Workspace\dfTP\spark-df\src\main\scala\fr\data\spark\DataFrame.scala. Using presentation compiler with project's scala-library version: 3.1.1
2022.03.11 14:49:24 INFO  time: code lens generation in 18s
2022.03.11 14:49:24 INFO  time: code lens generation in 18s
2022.03.11 14:53:10 WARN  no build target for: C:\Users\lubot\Documents\Workspace\dfTP\spark-df\src\main\scala\fr\data\spark\DataFrame.scala
mars 11, 2022 2:54:33 PM org.eclipse.lsp4j.jsonrpc.RemoteEndpoint handleCancellation
AVERTISSEMENT: Unmatched cancel notification for request id 39
2022.03.11 14:54:36 WARN  no build target for: C:\Users\lubot\Documents\Workspace\dfTP\spark-df\src\main\scala\fr\data\spark\DataFrame.scala
2022.03.11 14:56:08 WARN  no build target for: C:\Users\lubot\Documents\Workspace\dfTP\spark-df\src\main\scala\fr\data\spark\DataFrame.scala
2022.03.11 14:59:58 WARN  no build target for: C:\Users\lubot\Documents\Workspace\dfTP\spark-df\build.sbt
mars 11, 2022 2:59:59 PM org.eclipse.lsp4j.jsonrpc.RemoteEndpoint handleCancellation
AVERTISSEMENT: Unmatched cancel notification for request id 83
2022.03.11 15:00:12 WARN  no build target for: C:\Users\lubot\Documents\Workspace\dfTP\spark-df\src\main\scala\fr\data\spark\DataFrame.scala
mars 11, 2022 3:02:45 PM org.eclipse.lsp4j.jsonrpc.RemoteEndpoint handleCancellation
AVERTISSEMENT: Unmatched cancel notification for request id 115
2022.03.11 15:04:05 WARN  no build target for: C:\Users\lubot\Documents\Workspace\dfTP\spark-df\src\main\scala\fr\data\spark\DataFrame.scala
2022.03.11 15:06:20 WARN  no build target for: C:\Users\lubot\Documents\Workspace\dfTP\spark-df\src\main\scala\fr\data\spark\DataFrame.scala
2022.03.11 15:06:30 WARN  no build target for: C:\Users\lubot\Documents\Workspace\dfTP\spark-df\src\main\scala\fr\data\spark\DataFrame.scala
mars 11, 2022 3:09:13 PM org.eclipse.lsp4j.jsonrpc.RemoteEndpoint handleCancellation
AVERTISSEMENT: Unmatched cancel notification for request id 376
2022.03.11 15:09:23 WARN  no build target for: C:\Users\lubot\Documents\Workspace\dfTP\spark-df\src\main\scala\fr\data\spark\DataFrame.scala
2022.03.11 15:11:48 WARN  no build target for: C:\Users\lubot\Documents\Workspace\dfTP\spark-df\src\main\scala\fr\data\spark\DataFrame.scala
2022.03.11 15:14:01 WARN  no build target for: C:\Users\lubot\Documents\Workspace\dfTP\spark-df\src\main\scala\fr\data\spark\DataFrame.scala
2022.03.11 15:14:59 WARN  no build target for: C:\Users\lubot\Documents\Workspace\dfTP\spark-df\src\main\scala\fr\data\spark\DataFrame.scala
2022.03.11 15:18:05 WARN  no build target for: C:\Users\lubot\Documents\Workspace\dfTP\spark-df\src\main\scala\fr\data\spark\DataFrame.scala
2022.03.11 15:24:19 WARN  no build target for: C:\Users\lubot\Documents\Workspace\dfTP\spark-df\src\main\scala\fr\data\spark\DataFrame.scala
2022.03.11 15:25:49 WARN  no build target for: C:\Users\lubot\Documents\Workspace\dfTP\spark-df\src\main\scala\fr\data\spark\DataFrame.scala
mars 11, 2022 3:30:56 PM org.eclipse.lsp4j.jsonrpc.RemoteEndpoint handleCancellation
AVERTISSEMENT: Unmatched cancel notification for request id 873
2022.03.11 15:33:10 WARN  no build target for: C:\Users\lubot\Documents\Workspace\dfTP\spark-df\src\main\scala\fr\data\spark\DataFrame.scala
2022.03.11 15:34:37 WARN  no build target for: C:\Users\lubot\Documents\Workspace\dfTP\spark-df\src\main\scala\fr\data\spark\DataFrame.scala
2022.03.11 15:39:52 WARN  no build target for: C:\Users\lubot\Documents\Workspace\dfTP\spark-df\src\main\scala\fr\data\spark\DataFrame.scala
mars 11, 2022 3:42:44 PM org.eclipse.lsp4j.jsonrpc.RemoteEndpoint handleCancellation
AVERTISSEMENT: Unmatched cancel notification for request id 1305
2022.03.11 15:43:02 WARN  no build target for: C:\Users\lubot\Documents\Workspace\dfTP\spark-df\src\main\scala\fr\data\spark\DataFrame.scala
2022.03.11 15:43:51 WARN  no build target for: C:\Users\lubot\Documents\Workspace\dfTP\spark-df\src\main\scala\fr\data\spark\DataFrame.scala
2022.03.11 15:45:41 WARN  no build target for: C:\Users\lubot\Documents\Workspace\dfTP\spark-df\src\main\scala\fr\data\spark\DataFrame.scala
2022.03.11 15:47:35 WARN  no build target for: C:\Users\lubot\Documents\Workspace\dfTP\spark-df\src\main\scala\fr\data\spark\DataFrame.scala
2022.03.11 15:47:36 WARN  no build target for: C:\Users\lubot\Documents\Workspace\dfTP\spark-df\src\main\scala\fr\data\spark\DataFrame.scala
2022.03.11 15:50:53 WARN  no build target for: C:\Users\lubot\Documents\Workspace\dfTP\spark-df\src\main\scala\fr\data\spark\coucou.scala
mars 11, 2022 3:51:29 PM org.eclipse.lsp4j.jsonrpc.RemoteEndpoint handleCancellation
AVERTISSEMENT: Unmatched cancel notification for request id 1707
mars 11, 2022 3:51:40 PM org.eclipse.lsp4j.jsonrpc.RemoteEndpoint handleCancellation
AVERTISSEMENT: Unmatched cancel notification for request id 1737
2022.03.11 15:52:56 WARN  no build target for: C:\Users\lubot\Documents\Workspace\dfTP\spark-df\src\main\scala\fr\data\spark\DataFrame.scala
2022.03.11 15:54:01 WARN  no build target for: C:\Users\lubot\Documents\Workspace\dfTP\spark-df\src\main\scala\fr\data\spark\DataFrame.scala
2022.03.11 15:54:40 WARN  no build target for: C:\Users\lubot\Documents\Workspace\dfTP\spark-df\src\main\scala\fr\data\spark\DataFrame.scala
2022.03.11 15:56:00 WARN  no build target for: C:\Users\lubot\Documents\Workspace\dfTP\spark-df\src\main\scala\fr\data\spark\DataFrame.scala
2022.03.11 15:57:47 WARN  no build target for: C:\Users\lubot\Documents\Workspace\dfTP\spark-df\src\main\scala\fr\data\spark\DataFrame.scala
2022.03.11 15:57:50 INFO  shutting down Metals
2022.03.17 18:21:05 INFO  tracing is disabled for protocol LSP, to enable tracing of incoming and outgoing JSON messages create an empty file at c:\Users\lubot\Documents\Workspace\dfTP\.metals\lsp.trace.json or C:\Users\lubot\AppData\Local\scalameta\metals\cache\lsp.trace.json
2022.03.17 18:21:12 INFO  logging to file C:\Users\lubot\Documents\Workspace\dfTP\.metals\metals.log
2022.03.17 18:21:12 INFO  Started: Metals version 0.11.2 in workspace 'C:\Users\lubot\Documents\Workspace\dfTP' for client Visual Studio Code 1.65.2.
2022.03.17 18:21:12 INFO  Parse release: 11.0.11
2022.03.17 18:21:24 INFO  time: initialize in 11s
2022.03.17 18:21:25 WARN  Build server is not auto-connectable.
2022.03.17 18:21:28 WARN  no build target for: C:\Users\lubot\Documents\Workspace\dfTP\spark-df\src\main\scala\fr\data\spark\DataFrame.scala
2022.03.17 18:21:40 INFO  no build target found for C:\Users\lubot\Documents\Workspace\dfTP\spark-df\src\main\scala\fr\data\spark\DataFrame.scala. Using presentation compiler with project's scala-library version: 3.1.1
2022.03.17 18:21:58 INFO  time: code lens generation in 20s
2022.03.17 18:23:58 WARN  no build target for: C:\Users\lubot\Documents\Workspace\dfTP\spark-df\src\main\scala\fr\data\spark\DataFrame.scala
2022.03.17 18:25:59 WARN  no build target for: C:\Users\lubot\Documents\Workspace\dfTP\spark-df\build.sbt
2022.03.17 18:32:39 WARN  no build target for: C:\Users\lubot\Documents\Workspace\dfTP\spark-df\src\main\scala\fr\data\spark\DataFrame.scala
2022.03.17 18:32:48 WARN  no build target for: C:\Users\lubot\Documents\Workspace\dfTP\spark-df\src\main\scala\fr\data\spark\DataFrame.scala
2022.03.17 18:33:40 WARN  no build target for: C:\Users\lubot\Documents\Workspace\dfTP\spark-df\src\main\scala\fr\data\spark\DataFrame.scala
2022.03.17 18:34:13 WARN  no build target for: C:\Users\lubot\Documents\Workspace\dfTP\spark-df\src\main\scala\fr\data\spark\DataFrame.scala
2022.03.17 18:37:50 WARN  no build target for: C:\Users\lubot\Documents\Workspace\dfTP\spark-df\src\main\scala\fr\data\spark\DataFrame.scala
2022.03.17 18:38:58 WARN  no build target for: C:\Users\lubot\Documents\Workspace\dfTP\spark-df\src\main\scala\fr\data\spark\DataFrame.scala
2022.03.17 18:40:34 WARN  no build target for: C:\Users\lubot\Documents\Workspace\dfTP\spark-df\src\main\scala\fr\data\spark\DataFrame.scala
2022.03.17 18:44:21 WARN  no build target for: C:\Users\lubot\Documents\Workspace\dfTP\spark-df\src\main\scala\fr\data\spark\DataFrame.scala
2022.03.17 18:45:39 WARN  no build target for: C:\Users\lubot\Documents\Workspace\dfTP\spark-df\src\main\scala\fr\data\spark\DataFrame.scala
2022.03.17 18:47:53 WARN  no build target for: C:\Users\lubot\Documents\Workspace\dfTP\spark-df\src\main\scala\fr\data\spark\DataFrame.scala
2022.03.17 18:49:11 WARN  no build target for: C:\Users\lubot\Documents\Workspace\dfTP\spark-df\src\main\scala\fr\data\spark\DataFrame.scala
2022.03.17 18:51:26 WARN  no build target for: C:\Users\lubot\Documents\Workspace\dfTP\spark-df\src\main\scala\fr\data\spark\DataFrame.scala
mars 17, 2022 6:51:58 PM org.eclipse.lsp4j.jsonrpc.RemoteEndpoint handleCancellation
AVERTISSEMENT: Unmatched cancel notification for request id 1215
mars 17, 2022 6:54:41 PM org.eclipse.lsp4j.jsonrpc.RemoteEndpoint handleCancellation
AVERTISSEMENT: Unmatched cancel notification for request id 1385
mars 17, 2022 6:55:15 PM org.eclipse.lsp4j.jsonrpc.RemoteEndpoint handleCancellation
AVERTISSEMENT: Unmatched cancel notification for request id 1459
2022.03.17 18:55:43 WARN  no build target for: C:\Users\lubot\Documents\Workspace\dfTP\spark-df\src\main\scala\fr\data\spark\DataFrame.scala
2022.03.17 18:58:35 WARN  no build target for: C:\Users\lubot\Documents\Workspace\dfTP\spark-df\src\main\scala\fr\data\spark\DataFrame.scala
2022.03.17 19:00:38 WARN  no build target for: C:\Users\lubot\Documents\Workspace\dfTP\spark-df\src\main\scala\fr\data\spark\DataFrame.scala
2022.03.17 19:01:40 WARN  no build target for: C:\Users\lubot\Documents\Workspace\dfTP\spark-df\src\main\scala\fr\data\spark\DataFrame.scala
2022.03.17 19:01:44 WARN  no build target for: C:\Users\lubot\Documents\Workspace\dfTP\spark-df\src\main\scala\fr\data\spark\DataFrame.scala
2022.03.17 19:04:34 WARN  no build target for: C:\Users\lubot\Documents\Workspace\dfTP\spark-df\src\main\scala\fr\data\spark\DataFrame.scala
2022.03.17 19:05:28 WARN  no build target for: C:\Users\lubot\Documents\Workspace\dfTP\spark-df\src\main\scala\fr\data\spark\DataFrame.scala
2022.03.17 19:06:04 WARN  no build target for: C:\Users\lubot\Documents\Workspace\dfTP\spark-df\src\main\scala\fr\data\spark\DataFrame.scala
2022.03.17 19:06:36 WARN  no build target for: C:\Users\lubot\Documents\Workspace\dfTP\spark-df\src\main\scala\fr\data\spark\DataFrame.scala
2022.03.17 19:08:14 WARN  no build target for: C:\Users\lubot\Documents\Workspace\dfTP\spark-df\src\main\scala\fr\data\spark\DataFrame.scala
2022.03.17 19:09:59 WARN  no build target for: C:\Users\lubot\Documents\Workspace\dfTP\spark-df\src\main\scala\fr\data\spark\DataFrame.scala
2022.03.17 19:11:16 WARN  no build target for: C:\Users\lubot\Documents\Workspace\dfTP\spark-df\src\main\scala\fr\data\spark\DataFrame.scala
2022.03.17 19:12:33 WARN  no build target for: C:\Users\lubot\Documents\Workspace\dfTP\spark-df\src\main\scala\fr\data\spark\DataFrame.scala
2022.03.17 19:14:19 WARN  no build target for: C:\Users\lubot\Documents\Workspace\dfTP\spark-df\src\main\scala\fr\data\spark\DataFrame.scala
mars 17, 2022 7:17:15 PM org.eclipse.lsp4j.jsonrpc.RemoteEndpoint handleCancellation
AVERTISSEMENT: Unmatched cancel notification for request id 2074
mars 17, 2022 7:18:40 PM org.eclipse.lsp4j.jsonrpc.RemoteEndpoint handleCancellation
AVERTISSEMENT: Unmatched cancel notification for request id 2291
2022.03.17 19:19:12 WARN  no build target for: C:\Users\lubot\Documents\Workspace\dfTP\spark-df\src\main\scala\fr\data\spark\DataFrame.scala
2022.03.17 19:21:03 WARN  no build target for: C:\Users\lubot\Documents\Workspace\dfTP\spark-df\src\main\scala\fr\data\spark\DataFrame.scala
2022.03.17 19:22:26 WARN  no build target for: C:\Users\lubot\Documents\Workspace\dfTP\spark-df\src\main\scala\fr\data\spark\DataFrame.scala
2022.03.17 19:23:48 WARN  no build target for: C:\Users\lubot\Documents\Workspace\dfTP\spark-df\src\main\scala\fr\data\spark\DataFrame.scala
2022.03.17 19:30:13 WARN  no build target for: C:\Users\lubot\Documents\Workspace\dfTP\spark-df\src\main\scala\fr\data\spark\DataFrame.scala
